<?xml version="1.0" encoding="UTF-8"?>
<testng-results skipped="0" failed="0" ignored="0" total="1" passed="1">
  <reporter-output>
  </reporter-output>
  <suite name="Command line suite" duration-ms="80" started-at="2022-07-04T20:21:11 IST" finished-at="2022-07-04T20:21:11 IST">
    <groups>
    </groups>
    <test name="Command line test" duration-ms="80" started-at="2022-07-04T20:21:11 IST" finished-at="2022-07-04T20:21:11 IST">
      <class name="com.app.AppTest">
        <test-method status="PASS" signature="testApp()[pri:0, instance:testApp(com.app.AppTest)]" name="testApp" duration-ms="18" started-at="2022-07-04T20:21:11 IST" finished-at="2022-07-04T20:21:11 IST">
          <reporter-output>
          </reporter-output>
        </test-method> <!-- testApp -->
      </class> <!-- com.app.AppTest -->
    </test> <!-- Command line test -->
  </suite> <!-- Command line suite -->
</testng-results>
